mi., 15 de feb. de 2023 12:35:23: 
 tests:  0|6
total_score: 0/70
7964391
Wed 29 Mar 2023 09:40:10 PM UTC: 
 arraylist.c | 5 +++++
 1 file changed, 5 insertions(+)
In file included from test.c:5:
arraylist.c: In function ‘createList’:
arraylist.c:14:63: error: expected ‘)’ before ‘;’ token
   14 |   ArrayList *local = (ArrayList*) malloc(2 * sizeof(ArrayList);
      |                                         ~                     ^
      |                                                               )
arraylist.c:20:1: error: expected ‘,’ or ‘;’ before ‘}’ token
   20 | }
      | ^
test.c:411:5: error: ‘main’ is normally a non-static function [-Werror=main]
  411 | int main( int argc, char *argv[] ) {
      |     ^~~~
test.c:434:1: error: expected declaration or statement at end of input
  434 | }
      | ^
test.c:8:6: error: unused variable ‘msg’ [-Werror=unused-variable]
    8 | char msg[300];
      |      ^~~
In file included from test.c:5:
arraylist.c:14:14: error: unused variable ‘local’ [-Werror=unused-variable]
   14 |   ArrayList *local = (ArrayList*) malloc(2 * sizeof(ArrayList);
      |              ^~~~~
test.c:435: error: control reaches end of non-void function [-Werror=return-type]
At top level:
test.c:411:5: error: ‘main’ defined but not used [-Werror=unused-function]
  411 | int main( int argc, char *argv[] ) {
      |     ^~~~
In file included from test.c:5:
arraylist.c:38:5: error: ‘get_size’ defined but not used [-Werror=unused-function]
   38 | int get_size(ArrayList * l){
      |     ^~~~~~~~
cc1: all warnings being treated as errors
Compilation failed
9e46421
Wed 29 Mar 2023 09:41:26 PM UTC: 
 arraylist.c | 2 +-
 1 file changed, 1 insertion(+), 1 deletion(-)
 tests:  0|6
total_score: 0/70
5122966
Wed 29 Mar 2023 09:41:38 PM UTC: 
 arraylist.c | 2 +-
 1 file changed, 1 insertion(+), 1 deletion(-)
 tests:  1|5
total_score: 10/70
3b0d266
Wed 29 Mar 2023 09:44:08 PM UTC: 
 arraylist.c | 5 +++--
 1 file changed, 3 insertions(+), 2 deletions(-)
 tests:  1|5
total_score: 10/70
87020ea
Wed 29 Mar 2023 09:48:24 PM UTC: 
 arraylist.c | 7 +++++--
 1 file changed, 5 insertions(+), 2 deletions(-)
In file included from test.c:5:
arraylist.c: In function ‘append’:
arraylist.c:26:16: error: expected expression before ‘)’ token
   26 |     l->data = ()
      |                ^
Compilation failed
5dc3466
Wed 29 Mar 2023 09:48:34 PM UTC: 
 arraylist.c | 2 +-
 1 file changed, 1 insertion(+), 1 deletion(-)
In file included from test.c:5:
arraylist.c: In function ‘append’:
arraylist.c:26:16: error: expected expression before ‘)’ token
   26 |     l->data = ();
      |                ^
Compilation failed
c7d66eb
Wed 29 Mar 2023 09:49:21 PM UTC: 
 arraylist.c | 2 +-
 1 file changed, 1 insertion(+), 1 deletion(-)
 tests:  0|0
a1d79be
Wed 29 Mar 2023 09:52:49 PM UTC: 
 arraylist.c | 10 ++++++++--
 1 file changed, 8 insertions(+), 2 deletions(-)
 tests:  3|4
total_score: 20/70
71bc155
Wed 29 Mar 2023 09:54:19 PM UTC: 
 arraylist.c | 2 +-
 1 file changed, 1 insertion(+), 1 deletion(-)
 tests:  3|4
total_score: 20/70
4fa228f
Wed 29 Mar 2023 10:00:47 PM UTC: 
 arraylist.c | 15 ++++++++++++++-
 1 file changed, 14 insertions(+), 1 deletion(-)
 tests:  0|0
e381ba5
Wed 29 Mar 2023 10:03:12 PM UTC: 
 arraylist.c | 2 +-
 1 file changed, 1 insertion(+), 1 deletion(-)
 tests:  0|0
e5bc573
Wed 29 Mar 2023 10:03:23 PM UTC: 
 arraylist.c | 2 +-
 1 file changed, 1 insertion(+), 1 deletion(-)
 tests:  0|0
46c9fbc
Wed 29 Mar 2023 10:09:08 PM UTC: 
 arraylist.c | 2 +-
 1 file changed, 1 insertion(+), 1 deletion(-)
 tests:  3|4
total_score: 20/70
dd0f890
Wed 29 Mar 2023 10:09:36 PM UTC: 
 arraylist.c | 2 +-
 1 file changed, 1 insertion(+), 1 deletion(-)
 tests:  0|0
0cffc2b
Wed 29 Mar 2023 10:11:37 PM UTC: 
 arraylist.c | 2 +-
 1 file changed, 1 insertion(+), 1 deletion(-)
 tests:  5|3
total_score: 30/70
7568e66
